#
# There is insufficient memory for the Java Runtime Environment to continue.
# Native memory allocation (malloc) failed to allocate 421024 bytes for Chunk::new
# Possible reasons:
#   The system is out of physical RAM or swap space
#   In 32 bit mode, the process size limit was hit
# Possible solutions:
#   Reduce memory load on the system
#   Increase physical memory or swap space
#   Check if swap backing store is full
#   Use 64 bit Java on a 64 bit OS
#   Decrease Java heap size (-Xmx/-Xms)
#   Decrease number of Java threads
#   Decrease Java thread stack sizes (-Xss)
#   Set larger code cache with -XX:ReservedCodeCacheSize=
# This output file may be truncated or incomplete.
#
#  Out of Memory Error (allocation.cpp:390), pid=41284, tid=0x000000000000a65c
#
# JRE version: Java(TM) SE Runtime Environment (8.0_181-b13) (build 1.8.0_181-b13)
# Java VM: Java HotSpot(TM) 64-Bit Server VM (25.181-b13 mixed mode windows-amd64 compressed oops)
# Failed to write core dump. Minidumps are not enabled by default on client versions of Windows
#

---------------  T H R E A D  ---------------

Current thread (0x000000001de9b000):  JavaThread "C2 CompilerThread1" daemon [_thread_in_native, id=42588, stack(0x000000001e590000,0x000000001e690000)]

Stack: [0x000000001e590000,0x000000001e690000]
[error occurred during error reporting (printing stack bounds), id 0xc0000005]

Native frames: (J=compiled Java code, j=interpreted, Vv=VM code, C=native code)


Current CompileTask:
C2:   2539 3109   !   4       scala.reflect.internal.tpe.TypeMaps$TypeMap::mapOver (1367 bytes)


---------------  P R O C E S S  ---------------

Java Threads: ( => current thread )
  0x000000001df17000 JavaThread "Service Thread" daemon [_thread_blocked, id=4952, stack(0x000000001e790000,0x000000001e890000)]
  0x000000001dea4000 JavaThread "C1 CompilerThread2" daemon [_thread_blocked, id=42976, stack(0x000000001e690000,0x000000001e790000)]
=>0x000000001de9b000 JavaThread "C2 CompilerThread1" daemon [_thread_in_native, id=42588, stack(0x000000001e590000,0x000000001e690000)]
  0x000000001cad2000 JavaThread "C2 CompilerThread0" daemon [_thread_in_vm, id=37360, stack(0x000000001e490000,0x000000001e590000)]
  0x000000001cad0800 JavaThread "Attach Listener" daemon [_thread_blocked, id=42712, stack(0x000000001e390000,0x000000001e490000)]
  0x000000001de98800 JavaThread "Signal Dispatcher" daemon [_thread_blocked, id=42668, stack(0x000000001e290000,0x000000001e390000)]
  0x000000001caaa000 JavaThread "Finalizer" daemon [_thread_blocked, id=39560, stack(0x000000001dd30000,0x000000001de30000)]
  0x000000001ca88800 JavaThread "Reference Handler" daemon [_thread_blocked, id=29416, stack(0x000000001dc30000,0x000000001dd30000)]
  0x0000000003353000 JavaThread "main" [_thread_in_vm, id=41704, stack(0x0000000003200000,0x0000000003300000)]

Other Threads:
  0x000000001ca87800 VMThread [stack: 0x000000001db30000,0x000000001dc30000] [id=19860]
  0x000000001df28000 WatcherThread [stack: 0x000000001e890000,0x000000001e990000] [id=40804]

VM state:not at safepoint (normal execution)

VM Mutex/Monitor currently owned by a thread: None

Heap:
 PSYoungGen      total 141824K, used 6005K [0x000000076b100000, 0x0000000774600000, 0x00000007c0000000)
  eden space 131072K, 4% used [0x000000076b100000,0x000000076b6dd518,0x0000000773100000)
  from space 10752K, 0% used [0x0000000773100000,0x0000000773100000,0x0000000773b80000)
  to   space 10752K, 0% used [0x0000000773b80000,0x0000000773b80000,0x0000000774600000)
 ParOldGen       total 218624K, used 67110K [0x00000006c1200000, 0x00000006ce780000, 0x000000076b100000)
  object space 218624K, 30% used [0x00000006c1200000,0x00000006c5389b60,0x00000006ce780000)
 Metaspace       used 21316K, capacity 21382K, committed 21760K, reserved 1069056K
  class space    used 2974K, capacity 2978K, committed 3072K, reserved 1048576K

Card table byte_map: [0x0000000012810000,0x0000000013010000] byte_map_base: 0x000000000f207000

Marking Bits: (ParMarkBitMap*) 0x00000000777a2d00
 Begin Bits: [0x0000000013960000, 0x0000000017918000)
 End Bits:   [0x0000000017918000, 0x000000001b8d0000)

Polling page: 0x0000000003300000

CodeCache: size=245760Kb used=11703Kb max_used=11703Kb free=234056Kb
 bounds [0x0000000003450000, 0x0000000003fd0000, 0x0000000012450000]
 total_blobs=3557 nmethods=3227 adapters=240
 compilation: enabled

Compilation events (10 events):
Event: 2.521 Thread 0x000000001dea4000 3321       1       scala.tools.nsc.typechecker.Typers$SilentResultValue::value (5 bytes)
Event: 2.521 Thread 0x000000001dea4000 nmethod 3321 0x0000000003fb8550 code [0x0000000003fb86a0, 0x0000000003fb87b0]
Event: 2.524 Thread 0x000000001dea4000 3322       3       scala.reflect.internal.Types$Type::typeSymbol (8 bytes)
Event: 2.524 Thread 0x000000001dea4000 nmethod 3322 0x0000000003fb7dd0 code [0x0000000003fb7f60, 0x0000000003fb8408]
Event: 2.524 Thread 0x000000001dea4000 3323       1       scala.tools.nsc.typechecker.Contexts$Context::implicitsCache (5 bytes)
Event: 2.524 Thread 0x000000001dea4000 nmethod 3323 0x0000000003fb7b10 code [0x0000000003fb7c60, 0x0000000003fb7d70]
Event: 2.526 Thread 0x000000001cad2000 nmethod 3282 0x0000000003fc06d0 code [0x0000000003fc08e0, 0x0000000003fc11b0]
Event: 2.526 Thread 0x000000001cad2000 3317       4       scala.tools.nsc.symtab.classfile.ClassfileParser::sig2type$1 (1054 bytes)
Event: 2.529 Thread 0x000000001dea4000 3326   !   3       scala.reflect.internal.Types$class::defineBaseTypeSeqOfTypeRef (284 bytes)
Event: 2.531 Thread 0x000000001dea4000 nmethod 3326 0x0000000003fc2010 code [0x0000000003fc2420, 0x0000000003fc5488]

GC Heap History (8 events):
Event: 0.779 GC heap before
{Heap before GC invocations=1 (full 0):
 PSYoungGen      total 76288K, used 65536K [0x000000076b100000, 0x0000000770600000, 0x00000007c0000000)
  eden space 65536K, 100% used [0x000000076b100000,0x000000076f100000,0x000000076f100000)
  from space 10752K, 0% used [0x000000076fb80000,0x000000076fb80000,0x0000000770600000)
  to   space 10752K, 0% used [0x000000076f100000,0x000000076f100000,0x000000076fb80000)
 ParOldGen       total 175104K, used 0K [0x00000006c1200000, 0x00000006cbd00000, 0x000000076b100000)
  object space 175104K, 0% used [0x00000006c1200000,0x00000006c1200000,0x00000006cbd00000)
 Metaspace       used 12180K, capacity 12258K, committed 12416K, reserved 1060864K
  class space    used 1763K, capacity 1794K, committed 1920K, reserved 1048576K
Event: 0.809 GC heap after
Heap after GC invocations=1 (full 0):
 PSYoungGen      total 76288K, used 10744K [0x000000076b100000, 0x0000000774600000, 0x00000007c0000000)
  eden space 65536K, 0% used [0x000000076b100000,0x000000076b100000,0x000000076f100000)
  from space 10752K, 99% used [0x000000076f100000,0x000000076fb7e110,0x000000076fb80000)
  to   space 10752K, 0% used [0x0000000773b80000,0x0000000773b80000,0x0000000774600000)
 ParOldGen       total 175104K, used 24121K [0x00000006c1200000, 0x00000006cbd00000, 0x000000076b100000)
  object space 175104K, 13% used [0x00000006c1200000,0x00000006c298e6e8,0x00000006cbd00000)
 Metaspace       used 12180K, capacity 12258K, committed 12416K, reserved 1060864K
  class space    used 1763K, capacity 1794K, committed 1920K, reserved 1048576K
}
Event: 1.771 GC heap before
{Heap before GC invocations=2 (full 0):
 PSYoungGen      total 76288K, used 76280K [0x000000076b100000, 0x0000000774600000, 0x00000007c0000000)
  eden space 65536K, 100% used [0x000000076b100000,0x000000076f100000,0x000000076f100000)
  from space 10752K, 99% used [0x000000076f100000,0x000000076fb7e110,0x000000076fb80000)
  to   space 10752K, 0% used [0x0000000773b80000,0x0000000773b80000,0x0000000774600000)
 ParOldGen       total 175104K, used 24121K [0x00000006c1200000, 0x00000006cbd00000, 0x000000076b100000)
  object space 175104K, 13% used [0x00000006c1200000,0x00000006c298e6e8,0x00000006cbd00000)
 Metaspace       used 20603K, capacity 20646K, committed 20864K, reserved 1067008K
  class space    used 2874K, capacity 2882K, committed 2944K, reserved 1048576K
Event: 1.800 GC heap after
Heap after GC invocations=2 (full 0):
 PSYoungGen      total 141824K, used 10731K [0x000000076b100000, 0x0000000774600000, 0x00000007c0000000)
  eden space 131072K, 0% used [0x000000076b100000,0x000000076b100000,0x0000000773100000)
  from space 10752K, 99% used [0x0000000773b80000,0x00000007745fadf8,0x0000000774600000)
  to   space 10752K, 0% used [0x0000000773100000,0x0000000773100000,0x0000000773b80000)
 ParOldGen       total 175104K, used 53905K [0x00000006c1200000, 0x00000006cbd00000, 0x000000076b100000)
  object space 175104K, 30% used [0x00000006c1200000,0x00000006c46a4468,0x00000006cbd00000)
 Metaspace       used 20603K, capacity 20646K, committed 20864K, reserved 1067008K
  class space    used 2874K, capacity 2882K, committed 2944K, reserved 1048576K
}
Event: 2.089 GC heap before
{Heap before GC invocations=3 (full 0):
 PSYoungGen      total 141824K, used 21890K [0x000000076b100000, 0x0000000774600000, 0x00000007c0000000)
  eden space 131072K, 8% used [0x000000076b100000,0x000000076bbe5a48,0x0000000773100000)
  from space 10752K, 99% used [0x0000000773b80000,0x00000007745fadf8,0x0000000774600000)
  to   space 10752K, 0% used [0x0000000773100000,0x0000000773100000,0x0000000773b80000)
 ParOldGen       total 175104K, used 53905K [0x00000006c1200000, 0x00000006cbd00000, 0x000000076b100000)
  object space 175104K, 30% used [0x00000006c1200000,0x00000006c46a4468,0x00000006cbd00000)
 Metaspace       used 20991K, capacity 21062K, committed 21296K, reserved 1067008K
  class space    used 2911K, capacity 2914K, committed 2944K, reserved 1048576K
Event: 2.110 GC heap after
Heap after GC invocations=3 (full 0):
 PSYoungGen      total 141824K, used 10750K [0x000000076b100000, 0x0000000774600000, 0x00000007c0000000)
  eden space 131072K, 0% used [0x000000076b100000,0x000000076b100000,0x0000000773100000)
  from space 10752K, 99% used [0x0000000773100000,0x0000000773b7f920,0x0000000773b80000)
  to   space 10752K, 0% used [0x0000000773b80000,0x0000000773b80000,0x0000000774600000)
 ParOldGen       total 175104K, used 58433K [0x00000006c1200000, 0x00000006cbd00000, 0x000000076b100000)
  object space 175104K, 33% used [0x00000006c1200000,0x00000006c4b10558,0x00000006cbd00000)
 Metaspace       used 20991K, capacity 21062K, committed 21296K, reserved 1067008K
  class space    used 2911K, capacity 2914K, committed 2944K, reserved 1048576K
}
Event: 2.110 GC heap before
{Heap before GC invocations=4 (full 1):
 PSYoungGen      total 141824K, used 10750K [0x000000076b100000, 0x0000000774600000, 0x00000007c0000000)
  eden space 131072K, 0% used [0x000000076b100000,0x000000076b100000,0x0000000773100000)
  from space 10752K, 99% used [0x0000000773100000,0x0000000773b7f920,0x0000000773b80000)
  to   space 10752K, 0% used [0x0000000773b80000,0x0000000773b80000,0x0000000774600000)
 ParOldGen       total 175104K, used 58433K [0x00000006c1200000, 0x00000006cbd00000, 0x000000076b100000)
  object space 175104K, 33% used [0x00000006c1200000,0x00000006c4b10558,0x00000006cbd00000)
 Metaspace       used 20991K, capacity 21062K, committed 21296K, reserved 1067008K
  class space    used 2911K, capacity 2914K, committed 2944K, reserved 1048576K
Event: 2.405 GC heap after
Heap after GC invocations=4 (full 1):
 PSYoungGen      total 141824K, used 0K [0x000000076b100000, 0x0000000774600000, 0x00000007c0000000)
  eden space 131072K, 0% used [0x000000076b100000,0x000000076b100000,0x0000000773100000)
  from space 10752K, 0% used [0x0000000773100000,0x0000000773100000,0x0000000773b80000)
  to   space 10752K, 0% used [0x0000000773b80000,0x0000000773b80000,0x0000000774600000)
 ParOldGen       total 218624K, used 67110K [0x00000006c1200000, 0x00000006ce780000, 0x000000076b100000)
  object space 218624K, 30% used [0x00000006c1200000,0x00000006c5389b60,0x00000006ce780000)
 Metaspace       used 20991K, capacity 21062K, committed 21296K, reserved 1067008K
  class space    used 2911K, capacity 2914K, committed 2944K, reserved 1048576K
}

Deoptimization events (10 events):
Event: 2.464 Thread 0x0000000003353000 Uncommon trap: reason=class_check action=maybe_recompile pc=0x000000000365ec70 method=scala.collection.mutable.HashTable$class.scala$collection$mutable$HashTable$$addEntry0(Lscala/collection/mutable/HashTable;Lscala/collection/mutable/HashEntry;I)V @ 2
Event: 2.464 Thread 0x0000000003353000 Uncommon trap: reason=class_check action=maybe_recompile pc=0x0000000003685720 method=scala.collection.mutable.HashTable$class.nnSizeMapAdd(Lscala/collection/mutable/HashTable;I)V @ 1
Event: 2.494 Thread 0x0000000003353000 Uncommon trap: reason=unstable_if action=reinterpret pc=0x0000000003e19a20 method=scala.reflect.internal.Trees$class.itransform(Lscala/reflect/internal/SymbolTable;Lscala/reflect/api/Trees$Transformer;Lscala/reflect/internal/Trees$Tree;)Lscala/reflect/int
Event: 2.495 Thread 0x0000000003353000 Uncommon trap: reason=bimorphic action=maybe_recompile pc=0x0000000003e191b0 method=scala.reflect.internal.Trees$Duplicator.transform(Lscala/reflect/internal/Trees$Tree;)Lscala/reflect/internal/Trees$Tree; @ 18
Event: 2.499 Thread 0x0000000003353000 Uncommon trap: reason=class_check action=maybe_recompile pc=0x0000000003d302d8 method=scala.reflect.internal.Trees$class.traverseComponents$1(Lscala/reflect/internal/SymbolTable;Lscala/reflect/api/Trees$Traverser;Lscala/reflect/internal/Trees$Tree;)V @ 76
Event: 2.504 Thread 0x0000000003353000 Uncommon trap: reason=class_check action=maybe_recompile pc=0x0000000003d302d8 method=scala.reflect.internal.Trees$class.traverseComponents$1(Lscala/reflect/internal/SymbolTable;Lscala/reflect/api/Trees$Traverser;Lscala/reflect/internal/Trees$Tree;)V @ 76
Event: 2.520 Thread 0x0000000003353000 Uncommon trap: reason=class_check action=maybe_recompile pc=0x0000000003ddde44 method=scala.collection.TraversableLike$WithFilter$$anonfun$foreach$1.apply(Ljava/lang/Object;)Ljava/lang/Object; @ 24
Event: 2.520 Thread 0x0000000003353000 Uncommon trap: reason=class_check action=maybe_recompile pc=0x0000000003ddde44 method=scala.collection.TraversableLike$WithFilter$$anonfun$foreach$1.apply(Ljava/lang/Object;)Ljava/lang/Object; @ 24
Event: 2.521 Thread 0x0000000003353000 Uncommon trap: reason=class_check action=maybe_recompile pc=0x0000000003ddde44 method=scala.collection.TraversableLike$WithFilter$$anonfun$foreach$1.apply(Ljava/lang/Object;)Ljava/lang/Object; @ 24
Event: 2.521 Thread 0x0000000003353000 Uncommon trap: reason=class_check action=maybe_recompile pc=0x0000000003ddde44 method=scala.collection.TraversableLike$WithFilter$$anonfun$foreach$1.apply(Ljava/lang/Object;)Ljava/lang/Object; @ 24

Classes redefined (0 events):
No events

Internal exceptions (6 events):
Event: 0.050 Thread 0x0000000003353000 Exception <a 'java/lang/NoSuchMethodError': Method sun.misc.Unsafe.defineClass(Ljava/lang/String;[BII)Ljava/lang/Class; name or signature does not match> (0x000000076b107cb0) thrown at [C:\re\workspace\8-2-build-windows-amd64-cygwin\jdk8u181\11358\hotspot
Event: 0.050 Thread 0x0000000003353000 Exception <a 'java/lang/NoSuchMethodError': Method sun.misc.Unsafe.prefetchRead(Ljava/lang/Object;J)V name or signature does not match> (0x000000076b107f98) thrown at [C:\re\workspace\8-2-build-windows-amd64-cygwin\jdk8u181\11358\hotspot\src\share\vm\prim
Event: 0.228 Thread 0x0000000003353000 Exception <a 'java/security/PrivilegedActionException'> (0x000000076b22a470) thrown at [C:\re\workspace\8-2-build-windows-amd64-cygwin\jdk8u181\11358\hotspot\src\share\vm\prims\jvm.cpp, line 1435]
Event: 0.228 Thread 0x0000000003353000 Exception <a 'java/security/PrivilegedActionException'> (0x000000076b22a868) thrown at [C:\re\workspace\8-2-build-windows-amd64-cygwin\jdk8u181\11358\hotspot\src\share\vm\prims\jvm.cpp, line 1435]
Event: 0.229 Thread 0x0000000003353000 Exception <a 'java/security/PrivilegedActionException'> (0x000000076b22e960) thrown at [C:\re\workspace\8-2-build-windows-amd64-cygwin\jdk8u181\11358\hotspot\src\share\vm\prims\jvm.cpp, line 1435]
Event: 0.229 Thread 0x0000000003353000 Exception <a 'java/security/PrivilegedActionException'> (0x000000076b22ed58) thrown at [C:\re\workspace\8-2-build-windows-amd64-cygwin\jdk8u181\11358\hotspot\src\share\vm\prims\jvm.cpp, line 1435]

Events (10 events):
Event: 2.521 Thread 0x0000000003353000 Uncommon trap: trap_request=0xffffffde fr.pc=0x0000000003ddde44
Event: 2.521 Thread 0x0000000003353000 DEOPT PACKING pc=0x0000000003ddde44 sp=0x00000000032fa5b0
Event: 2.521 Thread 0x0000000003353000 DEOPT UNPACKING pc=0x000000000349583b sp=0x00000000032fa550 mode 2
Event: 2.521 Thread 0x0000000003353000 Uncommon trap: trap_request=0xffffffde fr.pc=0x0000000003ddde44
Event: 2.521 Thread 0x0000000003353000 DEOPT PACKING pc=0x0000000003ddde44 sp=0x00000000032fa5b0
Event: 2.521 Thread 0x0000000003353000 DEOPT UNPACKING pc=0x000000000349583b sp=0x00000000032fa550 mode 2
Event: 2.521 loading class scala/tools/nsc/typechecker/Infer$Inferencer$$anonfun$typeAfterTupleConversion$1
Event: 2.522 loading class scala/tools/nsc/typechecker/Infer$Inferencer$$anonfun$typeAfterTupleConversion$1 done
Event: 2.522 loading class scala/reflect/internal/Types$RepeatedType
Event: 2.522 loading class scala/reflect/internal/Types$RepeatedType done


Dynamic libraries:
0x00007ff7b2750000 - 0x00007ff7b2787000 	C:\Program Files\Java\jdk1.8.0_181\jre\bin\java.exe
0x00007ffc08420000 - 0x00007ffc08601000 	C:\windows\SYSTEM32\ntdll.dll
0x00007ffc05900000 - 0x00007ffc059b1000 	C:\windows\System32\KERNEL32.DLL
0x00007ffc05070000 - 0x00007ffc052e3000 	C:\windows\System32\KERNELBASE.dll
0x00007ffc07000000 - 0x00007ffc070a1000 	C:\windows\System32\ADVAPI32.dll
0x00007ffc07640000 - 0x00007ffc076de000 	C:\windows\System32\msvcrt.dll
0x00007ffc08390000 - 0x00007ffc083eb000 	C:\windows\System32\sechost.dll
0x00007ffc07f00000 - 0x00007ffc08023000 	C:\windows\System32\RPCRT4.dll
0x00007ffc059c0000 - 0x00007ffc05b50000 	C:\windows\System32\USER32.dll
0x00007ffc04f50000 - 0x00007ffc04f70000 	C:\windows\System32\win32u.dll
0x00007ffc07610000 - 0x00007ffc07638000 	C:\windows\System32\GDI32.dll
0x00007ffc052f0000 - 0x00007ffc05484000 	C:\windows\System32\gdi32full.dll
0x00007ffc05800000 - 0x00007ffc0589f000 	C:\windows\System32\msvcp_win.dll
0x00007ffc04f70000 - 0x00007ffc05068000 	C:\windows\System32\ucrtbase.dll
0x00007ffbf6000000 - 0x00007ffbf6269000 	C:\windows\WinSxS\amd64_microsoft.windows.common-controls_6595b64144ccf1df_6.0.17134.2026_none_d3fdbb717c923c14\COMCTL32.dll
0x00007ffc071b0000 - 0x00007ffc074d2000 	C:\windows\System32\combase.dll
0x00007ffc05780000 - 0x00007ffc057f9000 	C:\windows\System32\bcryptPrimitives.dll
0x00007ffc08230000 - 0x00007ffc0825d000 	C:\windows\System32\IMM32.DLL
0x00000000506b0000 - 0x0000000050782000 	C:\Program Files\Java\jdk1.8.0_181\jre\bin\msvcr100.dll
0x0000000076f80000 - 0x0000000077822000 	C:\Program Files\Java\jdk1.8.0_181\jre\bin\server\jvm.dll
0x00007ffc08260000 - 0x00007ffc08268000 	C:\windows\System32\PSAPI.DLL
0x00007ffbeca30000 - 0x00007ffbeca39000 	C:\windows\SYSTEM32\WSOCK32.dll
0x00007ffc08270000 - 0x00007ffc082dc000 	C:\windows\System32\WS2_32.dll
0x00007ffbfd250000 - 0x00007ffbfd273000 	C:\windows\SYSTEM32\WINMM.dll
0x00007ffbfccb0000 - 0x00007ffbfccba000 	C:\windows\SYSTEM32\VERSION.dll
0x00007ffbfd220000 - 0x00007ffbfd24a000 	C:\windows\SYSTEM32\WINMMBASE.dll
0x00007ffc05490000 - 0x00007ffc054d9000 	C:\windows\System32\cfgmgr32.dll
0x00000000506a0000 - 0x00000000506af000 	C:\Program Files\Java\jdk1.8.0_181\jre\bin\verify.dll
0x0000000050670000 - 0x0000000050699000 	C:\Program Files\Java\jdk1.8.0_181\jre\bin\java.dll
0x0000000050650000 - 0x0000000050666000 	C:\Program Files\Java\jdk1.8.0_181\jre\bin\zip.dll
0x00007ffc05b50000 - 0x00007ffc06f95000 	C:\windows\System32\SHELL32.dll
0x00007ffc082e0000 - 0x00007ffc08388000 	C:\windows\System32\shcore.dll
0x00007ffc047d0000 - 0x00007ffc04ee3000 	C:\windows\System32\windows.storage.dll
0x00007ffc058a0000 - 0x00007ffc058f1000 	C:\windows\System32\shlwapi.dll
0x00007ffc04790000 - 0x00007ffc047a1000 	C:\windows\System32\kernel.appcore.dll
0x00007ffc04770000 - 0x00007ffc0478f000 	C:\windows\System32\profapi.dll
0x00007ffc04710000 - 0x00007ffc0475c000 	C:\windows\System32\powrprof.dll
0x00007ffc04760000 - 0x00007ffc0476a000 	C:\windows\System32\FLTLIB.DLL
0x0000000050630000 - 0x000000005064a000 	C:\Program Files\Java\jdk1.8.0_181\jre\bin\net.dll
0x00007ffc03f20000 - 0x00007ffc03f86000 	C:\windows\system32\mswsock.dll
0x0000000050610000 - 0x0000000050621000 	C:\Program Files\Java\jdk1.8.0_181\jre\bin\nio.dll

VM Arguments:
jvm_args: -Xbootclasspath/a:D:\maven_repository\org\scala-lang\scala-library\2.11.0\scala-library-2.11.0.jar;D:\maven_repository\org\scala-lang\scala-compiler\2.11.0\scala-compiler-2.11.0.jar;D:\maven_repository\org\scala-lang\scala-reflect\2.11.0\scala-reflect-2.11.0.jar;D:\maven_repository\org\scala-lang\modules\scala-parser-combinators_2.11\1.0.1\scala-parser-combinators_2.11-1.0.1.jar;D:\maven_repository\org\scala-lang\modules\scala-xml_2.11\1.0.1\scala-xml_2.11-1.0.1.jar 
java_command: scala_maven_executions.MainWithArgsInFile scala.tools.nsc.Main C:\Users\hehuajun3\AppData\Local\Temp\scala-maven-4375859596581793302.args
java_class_path (initial): D:\maven_repository\net\alchim31\maven\scala-maven-plugin\3.1.6\scala-maven-plugin-3.1.6.jar
Launcher Type: SUN_STANDARD

Environment Variables:
JAVA_HOME=C:\Program Files\Java\jdk1.8.0_181
CLASSPATH=.;C:\Program Files\Java\jdk1.8.0_181\lib\dt.jar;C:\Program Files\Java\jdk1.8.0_181\lib\tools.jar;
PATH=D:\Anaconda3;D:\Anaconda3\Library\mingw-w64\bin;D:\Anaconda3\Library\usr\bin;D:\Anaconda3\Library\bin;D:\Anaconda3\Scripts;C:\Program Files (x86)\Common Files\Oracle\Java\javapath;C:\Program Files (x86)\Intel\iCLS Client\;C:\Program Files\Intel\iCLS Client\;C:\windows\system32;C:\windows;C:\windows\System32\Wbem;C:\windows\System32\WindowsPowerShell\v1.0\;C:\Program Files (x86)\Intel\Intel(R) Management Engine Components\DAL;C:\Program Files\Intel\Intel(R) Management Engine Components\DAL;C:\Program Files (x86)\Intel\Intel(R) Management Engine Components\IPT;C:\Program Files\Intel\Intel(R) Management Engine Components\IPT;C:\windows\System32\OpenSSH\;D:\Git\cmd;C:\Program Files\nodejs\;C:\Program Files (x86)\Google\Chrome\Application\chromedriver;C:\Program Files (x86)\Tesseract-OCR;C:\Program Files\Java\jdk1.8.0_181\jre\bin;C:\Program Files\Java\jdk1.8.0_181\bin;C:\Program Files\Microsoft VS Code\bin;C:\Program Files\PuTTY\;D:\hadoop-2.7.7\hadoop-2.7.7\bin;D:\apache-maven-3.6.0\bin;C:\Program Files\Git LFS;D:\ProgramData\Anaconda3;D:\ProgramData\Anaconda3\Scripts;D:\ProgramData\Anaconda3\Library\bin;D:\Program Files\MiKTeX 2.9\miktex\bin\x64\;C:\Program Files (x86)\scala\bin;C:\Users\hehuajun3\AppData\Local\Microsoft\WindowsApps;D:\hadoop-2.7.7\hadoop-2.7.7\bin;C:\Users\hehuajun3\AppData\Local\Pandoc\;C:\Users\hehuajun3\AppData\Local\BypassRuntm;
USERNAME=hehuajun3
OS=Windows_NT
PROCESSOR_IDENTIFIER=Intel64 Family 6 Model 60 Stepping 3, GenuineIntel



---------------  S Y S T E M  ---------------

OS: Windows 10.0 , 64 bit Build 17134 (10.0.17134.1425)

CPU:total 4 (initial active 4) (4 cores per cpu, 1 threads per core) family 6 model 60 stepping 3, cmov, cx8, fxsr, mmx, sse, sse2, sse3, ssse3, sse4.1, sse4.2, popcnt, avx, avx2, aes, clmul, erms, lzcnt, tsc, tscinvbit, bmi1, bmi2

Memory: 4k page, physical 16699168k(2456968k free), swap 42299164k(5164k free)

vm_info: Java HotSpot(TM) 64-Bit Server VM (25.181-b13) for windows-amd64 JRE (1.8.0_181-b13), built on Jul  7 2018 04:01:33 by "java_re" with MS VC++ 10.0 (VS2010)

time: Wed Mar 31 16:45:21 2021
elapsed time: 2 seconds (0d 0h 0m 2s)

